<?xml version="1.0" encoding="UTF-8"?>
<!-- Generated by org.testng.reporters.JUnitXMLReporter -->
<testsuite ignored="0" hostname="DESKTOP-TGUL2N6" failures="0" tests="10" name="Default test" time="0.724" errors="0" timestamp="2021-03-28T12:10:25 UTC">
  <testcase classname="com.ariacj.base.TestBase" name="@BeforeSuite setUp" time="0.312">
    <failure type="java.lang.NoClassDefFoundError" message="org/openqa/selenium/net/UrlChecker$TimeoutException">
      <![CDATA[java.lang.NoClassDefFoundError: org/openqa/selenium/net/UrlChecker$TimeoutException
at org.openqa.selenium.chrome.ChromeDriver.<init>(ChromeDriver.java:105)
at com.ariacj.base.TestBase.setUp(TestBase.java:126)
at java.base/jdk.internal.reflect.NativeMethodAccessorImpl.invoke0(Native Method)
at java.base/jdk.internal.reflect.NativeMethodAccessorImpl.invoke(NativeMethodAccessorImpl.java:62)
at java.base/jdk.internal.reflect.DelegatingMethodAccessorImpl.invoke(DelegatingMethodAccessorImpl.java:43)
at java.base/java.lang.reflect.Method.invoke(Method.java:566)
at org.testng.internal.MethodInvocationHelper.invokeMethod(MethodInvocationHelper.java:132)
at org.testng.internal.MethodInvocationHelper.invokeMethodConsideringTimeout(MethodInvocationHelper.java:61)
at org.testng.internal.ConfigInvoker.invokeConfigurationMethod(ConfigInvoker.java:366)
at org.testng.internal.ConfigInvoker.invokeConfigurations(ConfigInvoker.java:320)
at org.testng.SuiteRunner.privateRun(SuiteRunner.java:327)
at org.testng.SuiteRunner.run(SuiteRunner.java:286)
at org.testng.SuiteRunnerWorker.runSuite(SuiteRunnerWorker.java:53)
at org.testng.SuiteRunnerWorker.run(SuiteRunnerWorker.java:96)
at org.testng.TestNG.runSuitesSequentially(TestNG.java:1218)
at org.testng.TestNG.runSuitesLocally(TestNG.java:1140)
at org.testng.TestNG.runSuites(TestNG.java:1069)
at org.testng.TestNG.run(TestNG.java:1037)
at org.testng.remote.AbstractRemoteTestNG.run(AbstractRemoteTestNG.java:115)
at org.testng.remote.RemoteTestNG.initAndRun(RemoteTestNG.java:251)
at org.testng.remote.RemoteTestNG.main(RemoteTestNG.java:77)
Caused by: java.lang.ClassNotFoundException: org.openqa.selenium.net.UrlChecker$TimeoutException
at java.base/jdk.internal.loader.BuiltinClassLoader.loadClass(BuiltinClassLoader.java:581)
at java.base/jdk.internal.loader.ClassLoaders$AppClassLoader.loadClass(ClassLoaders.java:178)
at java.base/java.lang.ClassLoader.loadClass(ClassLoader.java:521)
... 21 more
]]>
    </failure>
  </testcase> <!-- @BeforeSuite setUp -->
  <testcase classname="com.ariacj.testcases.LocationAvailableTest" name="@BeforeTest loginIn" time="-1.616933424282E9">
    <skipped/>
  </testcase> <!-- @BeforeTest loginIn -->
  <testcase classname="com.ariacj.testcases.LocationAvailableTest" name="@AfterTest tearDown" time="-1.616933425003E9">
    <skipped/>
  </testcase> <!-- @AfterTest tearDown -->
  <testcase classname="com.ariacj.testcases.LocationAvailableTest" name="LocationAvaliablityTest" time="0.0">
    <skipped/>
  </testcase> <!-- LocationAvaliablityTest -->
  <testcase classname="com.ariacj.testcases.LocationAvailableTest" name="LocationAvaliablityTest" time="0.0">
    <skipped/>
  </testcase> <!-- LocationAvaliablityTest -->
  <testcase classname="com.ariacj.testcases.LocationAvailableTest" name="LocationAvaliablityTest" time="0.0">
    <skipped/>
  </testcase> <!-- LocationAvaliablityTest -->
  <testcase classname="com.ariacj.testcases.LocationAvailableTest" name="LocationAvaliablityTest" time="0.0">
    <skipped/>
  </testcase> <!-- LocationAvaliablityTest -->
  <testcase classname="com.ariacj.testcases.LocationAvailableTest" name="LocationAvaliablityTest" time="0.0">
    <skipped/>
  </testcase> <!-- LocationAvaliablityTest -->
  <testcase classname="com.ariacj.testcases.LocationAvailableTest" name="LocationAvaliablityTest" time="0.0">
    <skipped/>
  </testcase> <!-- LocationAvaliablityTest -->
  <testcase classname="com.ariacj.testcases.LocationAvailableTest" name="LocationAvaliablityTest" time="0.0">
    <skipped/>
  </testcase> <!-- LocationAvaliablityTest -->
  <testcase classname="com.ariacj.testcases.LocationAvailableTest" name="LocationAvaliablityTest" time="0.0">
    <skipped/>
  </testcase> <!-- LocationAvaliablityTest -->
  <testcase classname="com.ariacj.testcases.LocationAvailableTest" name="LocationAvaliablityTest" time="0.0">
    <skipped/>
  </testcase> <!-- LocationAvaliablityTest -->
  <testcase classname="com.ariacj.testcases.LocationAvailableTest" name="LocationAvaliablityTest" time="0.0">
    <skipped/>
  </testcase> <!-- LocationAvaliablityTest -->
</testsuite> <!-- Default test -->
