<?xml version="1.0" encoding="utf-8" ?>
<!DOCTYPE html PUBLIC "-//W3C//DTD XHTML 1.0 Strict//EN"
        "http://www.w3.org/TR/xhtml1/DTD/xhtml1-strict.dtd">
<html xmlns="http://www.w3.org/1999/xhtml" xml:lang="" lang="">
<head>
  <title>Test Results Report - Location Availability Test</title>
  <meta http-equiv="Content-Type" content="text/html;charset=utf-8" />
  <meta name="description" content="TestNG unit test results." />
  <link href="reportng.css" rel="stylesheet" type="text/css" />
    <script type="text/javascript" src="reportng.js"></script>
</head>
<body>
<h1>Location Availability Test</h1>
<p>
  Test duration: 131.709s
</p>



  <table class="resultsTable">
    <tr><th colspan="3" class="header failed">Failed Tests</th></tr>
          <tr>
        <td colspan="3" class="group">com.ariacj.testcases.LocationAvailableTest</td>
      </tr>
            
<tr>
  <td class="method">
                  LocationAvaliablityTest
      </td>
  <td class="duration">
    12.266s
  </td>
  <td class="result">
        
          <i>Method arguments: </i><span class="arguments">{Building data from excel=5 LIVINGSTON}</span><br />
    
            <div class="testOutput">
                        Click to see Screenshot
                                <a target="_blank" href=Tue_Mar_23_05_06_36_UTC_2021.png>Screenshot</a>
                                <br>
                                <br>
                                <a target="_blank" href=Tue_Mar_23_05_06_36_UTC_2021.png><img src=Tue_Mar_23_05_06_36_UTC_2021.png height=200 width=200></img></a>
                  </div>
    

        <a href="javascript:toggleElement('exception-0', 'block')" title="Click to expand/collapse"><b>java.lang.AssertionError: No building available with name&nbsp; : 5 LIVINGSTON</b></a><br />
    <div class="stackTrace" id="exception-0">
              org.testng.Assert.fail(Assert.java:99)<br />
              com.ariacj.testcases.LocationAvailableTest.LocationAvaliablityTest(LocationAvailableTest.java:178)<br />
              java.base/jdk.internal.reflect.NativeMethodAccessorImpl.invoke0(Native Method)<br />
              java.base/jdk.internal.reflect.NativeMethodAccessorImpl.invoke(NativeMethodAccessorImpl.java:62)<br />
              java.base/jdk.internal.reflect.DelegatingMethodAccessorImpl.invoke(DelegatingMethodAccessorImpl.java:43)<br />
              java.base/java.lang.reflect.Method.invoke(Method.java:566)<br />
              org.testng.internal.MethodInvocationHelper.invokeMethod(MethodInvocationHelper.java:132)<br />
              org.testng.internal.TestInvoker.invokeMethod(TestInvoker.java:599)<br />
              org.testng.internal.TestInvoker.invokeTestMethod(TestInvoker.java:174)<br />
              org.testng.internal.MethodRunner.runInSequence(MethodRunner.java:46)<br />
              org.testng.internal.TestInvoker$MethodInvocationAgent.invoke(TestInvoker.java:822)<br />
              org.testng.internal.TestInvoker.invokeTestMethods(TestInvoker.java:147)<br />
              org.testng.internal.TestMethodWorker.invokeTestMethods(TestMethodWorker.java:146)<br />
              org.testng.internal.TestMethodWorker.run(TestMethodWorker.java:128)<br />
              java.base/java.util.ArrayList.forEach(ArrayList.java:1541)<br />
              org.testng.TestRunner.privateRun(TestRunner.java:764)<br />
              org.testng.TestRunner.run(TestRunner.java:585)<br />
              org.testng.SuiteRunner.runTest(SuiteRunner.java:384)<br />
              org.testng.SuiteRunner.runSequentially(SuiteRunner.java:378)<br />
              org.testng.SuiteRunner.privateRun(SuiteRunner.java:337)<br />
              org.testng.SuiteRunner.run(SuiteRunner.java:286)<br />
              org.testng.SuiteRunnerWorker.runSuite(SuiteRunnerWorker.java:53)<br />
              org.testng.SuiteRunnerWorker.run(SuiteRunnerWorker.java:96)<br />
              org.testng.TestNG.runSuitesSequentially(TestNG.java:1218)<br />
              org.testng.TestNG.runSuitesLocally(TestNG.java:1140)<br />
              org.testng.TestNG.runSuites(TestNG.java:1069)<br />
              org.testng.TestNG.run(TestNG.java:1037)<br />
              org.testng.remote.AbstractRemoteTestNG.run(AbstractRemoteTestNG.java:115)<br />
              org.testng.remote.RemoteTestNG.initAndRun(RemoteTestNG.java:251)<br />
              org.testng.remote.RemoteTestNG.main(RemoteTestNG.java:77)<br />
                </div>
      </td>
</tr>
<tr>
  <td class="method">
                  LocationAvaliablityTest
      </td>
  <td class="duration">
    12.320s
  </td>
  <td class="result">
        
          <i>Method arguments: </i><span class="arguments">{Building data from excel=FREEPORT, UNIT 4,}</span><br />
    
            <div class="testOutput">
                        Click to see Screenshot
                                <a target="_blank" href=Tue_Mar_23_05_05_52_UTC_2021.png>Screenshot</a>
                                <br>
                                <br>
                                <a target="_blank" href=Tue_Mar_23_05_05_52_UTC_2021.png><img src=Tue_Mar_23_05_05_52_UTC_2021.png height=200 width=200></img></a>
                  </div>
    

        <a href="javascript:toggleElement('exception-1', 'block')" title="Click to expand/collapse"><b>java.lang.AssertionError: No building available with name&nbsp; : FREEPORT, UNIT 4,</b></a><br />
    <div class="stackTrace" id="exception-1">
              org.testng.Assert.fail(Assert.java:99)<br />
              com.ariacj.testcases.LocationAvailableTest.LocationAvaliablityTest(LocationAvailableTest.java:178)<br />
              java.base/jdk.internal.reflect.NativeMethodAccessorImpl.invoke0(Native Method)<br />
              java.base/jdk.internal.reflect.NativeMethodAccessorImpl.invoke(NativeMethodAccessorImpl.java:62)<br />
              java.base/jdk.internal.reflect.DelegatingMethodAccessorImpl.invoke(DelegatingMethodAccessorImpl.java:43)<br />
              java.base/java.lang.reflect.Method.invoke(Method.java:566)<br />
              org.testng.internal.MethodInvocationHelper.invokeMethod(MethodInvocationHelper.java:132)<br />
              org.testng.internal.TestInvoker.invokeMethod(TestInvoker.java:599)<br />
              org.testng.internal.TestInvoker.invokeTestMethod(TestInvoker.java:174)<br />
              org.testng.internal.MethodRunner.runInSequence(MethodRunner.java:46)<br />
              org.testng.internal.TestInvoker$MethodInvocationAgent.invoke(TestInvoker.java:822)<br />
              org.testng.internal.TestInvoker.invokeTestMethods(TestInvoker.java:147)<br />
              org.testng.internal.TestMethodWorker.invokeTestMethods(TestMethodWorker.java:146)<br />
              org.testng.internal.TestMethodWorker.run(TestMethodWorker.java:128)<br />
              java.base/java.util.ArrayList.forEach(ArrayList.java:1541)<br />
              org.testng.TestRunner.privateRun(TestRunner.java:764)<br />
              org.testng.TestRunner.run(TestRunner.java:585)<br />
              org.testng.SuiteRunner.runTest(SuiteRunner.java:384)<br />
              org.testng.SuiteRunner.runSequentially(SuiteRunner.java:378)<br />
              org.testng.SuiteRunner.privateRun(SuiteRunner.java:337)<br />
              org.testng.SuiteRunner.run(SuiteRunner.java:286)<br />
              org.testng.SuiteRunnerWorker.runSuite(SuiteRunnerWorker.java:53)<br />
              org.testng.SuiteRunnerWorker.run(SuiteRunnerWorker.java:96)<br />
              org.testng.TestNG.runSuitesSequentially(TestNG.java:1218)<br />
              org.testng.TestNG.runSuitesLocally(TestNG.java:1140)<br />
              org.testng.TestNG.runSuites(TestNG.java:1069)<br />
              org.testng.TestNG.run(TestNG.java:1037)<br />
              org.testng.remote.AbstractRemoteTestNG.run(AbstractRemoteTestNG.java:115)<br />
              org.testng.remote.RemoteTestNG.initAndRun(RemoteTestNG.java:251)<br />
              org.testng.remote.RemoteTestNG.main(RemoteTestNG.java:77)<br />
                </div>
      </td>
</tr>
      </table>


  <table class="resultsTable">
    <tr><th colspan="3" class="header passed">Passed Tests</th></tr>
          <tr>
        <td colspan="3" class="group">com.ariacj.testcases.LocationAvailableTest</td>
      </tr>
            
<tr>
  <td class="method">
                  LocationAvaliablityTest
      </td>
  <td class="duration">
    11.584s
  </td>
  <td class="result">
        
          <i>Method arguments: </i><span class="arguments">{Building data from excel=17-21 GRETNA GATEWAY OUTLET VILLAGE}</span><br />
    
        

      </td>
</tr>
<tr>
  <td class="method">
                  LocationAvaliablityTest
      </td>
  <td class="duration">
    6.879s
  </td>
  <td class="result">
        
          <i>Method arguments: </i><span class="arguments">{Building data from excel=UNIT 57-59 EAST MIDLANDS DESIGNER OUTLET}</span><br />
    
        

      </td>
</tr>
<tr>
  <td class="method">
                  LocationAvaliablityTest
      </td>
  <td class="duration">
    6.702s
  </td>
  <td class="result">
        
          <i>Method arguments: </i><span class="arguments">{Building data from excel=15 HANBURY STREET,}</span><br />
    
        

      </td>
</tr>
<tr>
  <td class="method">
                  LocationAvaliablityTest
      </td>
  <td class="duration">
    21.641s
  </td>
  <td class="result">
        
          <i>Method arguments: </i><span class="arguments">{Building data from excel=UNIT 24-26 MCARTHUR GLEN DESIGNER OUTLET VILLAGE}</span><br />
    
        

      </td>
</tr>
<tr>
  <td class="method">
                  LocationAvaliablityTest
      </td>
  <td class="duration">
    6.200s
  </td>
  <td class="result">
        
          <i>Method arguments: </i><span class="arguments">{Building data from excel=GOVERNMENT BUILDING}</span><br />
    
        

      </td>
</tr>
<tr>
  <td class="method">
                  LocationAvaliablityTest
      </td>
  <td class="duration">
    6.581s
  </td>
  <td class="result">
        
          <i>Method arguments: </i><span class="arguments">{Building data from excel=UNIT 48/49, MCARTHUR GLEN DESIGNER OUTLET,}</span><br />
    
        

      </td>
</tr>
<tr>
  <td class="method">
                  LocationAvaliablityTest
      </td>
  <td class="duration">
    6.869s
  </td>
  <td class="result">
        
          <i>Method arguments: </i><span class="arguments">{Building data from excel=CHESHIRE OAKS OUTLET VILLAGE,}</span><br />
    
        

      </td>
</tr>
<tr>
  <td class="method">
                  LocationAvaliablityTest
      </td>
  <td class="duration">
    9.039s
  </td>
  <td class="result">
        
          <i>Method arguments: </i><span class="arguments">{Building data from excel=THE BOULEVARD OUTLET PARK}</span><br />
    
        

      </td>
</tr>
      </table>
  
</body>
</html>
