-------------------------------------------------------------------------------
Test set: TestSuite
-------------------------------------------------------------------------------
Tests run: 10, Failures: 1, Errors: 0, Skipped: 0, Time elapsed: 182.796 sec <<< FAILURE! - in TestSuite
LocationAvaliablityTest(com.ariacj.testcases.LocationAvailableTest)  Time elapsed: 12.601 sec  <<< FAILURE!
java.lang.AssertionError: No building available with name  : FREEPORT, UNIT 4,
	at com.ariacj.testcases.LocationAvailableTest.LocationAvaliablityTest(LocationAvailableTest.java:136)

