<?xml version="1.0" encoding="UTF-8"?>
<testsuite xmlns:xsi="http://www.w3.org/2001/XMLSchema-instance" xsi:schemaLocation="https://maven.apache.org/surefire/maven-surefire-plugin/xsd/surefire-test-report.xsd" name="TestSuite" time="182.796" tests="10" errors="0" skipped="0" failures="1">
  <properties>
[...]
</properties>
  <testcase name="LocationAvaliablityTest" classname="com.ariacj.testcases.LocationAvailableTest" time="25.363"/>
  <testcase name="LocationAvaliablityTest" classname="com.ariacj.testcases.LocationAvailableTest" time="10.474"/>
  <testcase name="LocationAvaliablityTest" classname="com.ariacj.testcases.LocationAvailableTest" time="34.237"/>
  <testcase name="LocationAvaliablityTest" classname="com.ariacj.testcases.LocationAvailableTest" time="12.601">
    <failure message="No building available with name  : FREEPORT, UNIT 4," type="java.lang.AssertionError">java.lang.AssertionError: No building available with name  : FREEPORT, UNIT 4,
	at com.ariacj.testcases.LocationAvailableTest.LocationAvaliablityTest(LocationAvailableTest.java:136)
</failure>
    <system-out><![CDATA[No building found with Name :FREEPORT, UNIT 4, = Fail 
]]></system-out>
  </testcase>
  <testcase name="LocationAvaliablityTest" classname="com.ariacj.testcases.LocationAvailableTest" time="11.042"/>
  <testcase name="LocationAvaliablityTest" classname="com.ariacj.testcases.LocationAvailableTest" time="9.92"/>
  <testcase name="LocationAvaliablityTest" classname="com.ariacj.testcases.LocationAvailableTest" time="9.542"/>
  <testcase name="LocationAvaliablityTest" classname="com.ariacj.testcases.LocationAvailableTest" time="12.12"/>
  <testcase name="LocationAvaliablityTest" classname="com.ariacj.testcases.LocationAvailableTest" time="14.676"/>
  <testcase name="LocationAvaliablityTest" classname="com.ariacj.testcases.LocationAvailableTest" time="9.557"/>
</testsuite>