<?xml version="1.0" encoding="UTF-8"?>
<!-- Generated by org.testng.reporters.JUnitXMLReporter -->
<testsuite ignored="0" hostname="DESKTOP-TGUL2N6" failures="1" tests="10" name="Location Availability Test" time="173.333" errors="0" timestamp="2021-03-28T17:53:25 UTC">
  <testcase classname="com.ariacj.testcases.LocationAvailableTest" name="LocationAvaliablityTest" time="25.203"/>
  <testcase classname="com.ariacj.testcases.LocationAvailableTest" name="LocationAvaliablityTest" time="10.448"/>
  <testcase classname="com.ariacj.testcases.LocationAvailableTest" name="LocationAvaliablityTest" time="34.215"/>
  <testcase classname="com.ariacj.testcases.LocationAvailableTest" name="LocationAvaliablityTest" time="12.291">
    <failure type="java.lang.AssertionError" message="No building available with name  : FREEPORT, UNIT 4,">
      <![CDATA[java.lang.AssertionError: No building available with name  : FREEPORT, UNIT 4,
at com.ariacj.testcases.LocationAvailableTest.LocationAvaliablityTest(LocationAvailableTest.java:136)
at java.base/java.util.ArrayList.forEach(ArrayList.java:1541)
... Removed 31 stack frames]]>
    </failure>
  </testcase> <!-- LocationAvaliablityTest -->
  <testcase classname="com.ariacj.testcases.LocationAvailableTest" name="LocationAvaliablityTest" time="11.023"/>
  <testcase classname="com.ariacj.testcases.LocationAvailableTest" name="LocationAvaliablityTest" time="9.901"/>
  <testcase classname="com.ariacj.testcases.LocationAvailableTest" name="LocationAvaliablityTest" time="9.526"/>
  <testcase classname="com.ariacj.testcases.LocationAvailableTest" name="LocationAvaliablityTest" time="12.103"/>
  <testcase classname="com.ariacj.testcases.LocationAvailableTest" name="LocationAvaliablityTest" time="14.66"/>
  <testcase classname="com.ariacj.testcases.LocationAvailableTest" name="LocationAvaliablityTest" time="9.54"/>
</testsuite> <!-- Location Availability Test -->
