<?xml version="1.0" encoding="UTF-8"?>
<!-- Generated by org.testng.reporters.JUnitXMLReporter -->
<testsuite ignored="0" hostname="DESKTOP-TGUL2N6" failures="0" tests="10" name="Location Availability Test" time="0.711" errors="0" timestamp="2021-03-28T12:10:59 UTC">
  <testcase classname="com.ariacj.base.TestBase" name="@BeforeSuite setUp" time="0.328">
    <failure type="java.lang.NoClassDefFoundError" message="org/openqa/selenium/net/UrlChecker$TimeoutException">
      <![CDATA[java.lang.NoClassDefFoundError: org/openqa/selenium/net/UrlChecker$TimeoutException
at org.openqa.selenium.chrome.ChromeDriver.<init>(ChromeDriver.java:105)
at com.ariacj.base.TestBase.setUp(TestBase.java:126)
Caused by: java.lang.ClassNotFoundException: org.openqa.selenium.net.UrlChecker$TimeoutException
at java.base/jdk.internal.loader.BuiltinClassLoader.loadClass(BuiltinClassLoader.java:581)
at java.base/jdk.internal.loader.ClassLoaders$AppClassLoader.loadClass(ClassLoaders.java:178)
at java.base/java.lang.ClassLoader.loadClass(ClassLoader.java:521)
... 21 more
... Removed 19 stack frames]]>
    </failure>
  </testcase> <!-- @BeforeSuite setUp -->
  <testcase classname="com.ariacj.testcases.LocationAvailableTest" name="@BeforeTest loginIn" time="-1.61693345853E9">
    <skipped/>
  </testcase> <!-- @BeforeTest loginIn -->
  <testcase classname="com.ariacj.testcases.LocationAvailableTest" name="@AfterTest tearDown" time="-1.616933459237E9">
    <skipped/>
  </testcase> <!-- @AfterTest tearDown -->
  <testcase classname="com.ariacj.testcases.LocationAvailableTest" name="LocationAvaliablityTest" time="0.0">
    <skipped/>
  </testcase> <!-- LocationAvaliablityTest -->
  <testcase classname="com.ariacj.testcases.LocationAvailableTest" name="LocationAvaliablityTest" time="0.0">
    <skipped/>
  </testcase> <!-- LocationAvaliablityTest -->
  <testcase classname="com.ariacj.testcases.LocationAvailableTest" name="LocationAvaliablityTest" time="0.0">
    <skipped/>
  </testcase> <!-- LocationAvaliablityTest -->
  <testcase classname="com.ariacj.testcases.LocationAvailableTest" name="LocationAvaliablityTest" time="0.0">
    <skipped/>
  </testcase> <!-- LocationAvaliablityTest -->
  <testcase classname="com.ariacj.testcases.LocationAvailableTest" name="LocationAvaliablityTest" time="0.0">
    <skipped/>
  </testcase> <!-- LocationAvaliablityTest -->
  <testcase classname="com.ariacj.testcases.LocationAvailableTest" name="LocationAvaliablityTest" time="0.0">
    <skipped/>
  </testcase> <!-- LocationAvaliablityTest -->
  <testcase classname="com.ariacj.testcases.LocationAvailableTest" name="LocationAvaliablityTest" time="0.0">
    <skipped/>
  </testcase> <!-- LocationAvaliablityTest -->
  <testcase classname="com.ariacj.testcases.LocationAvailableTest" name="LocationAvaliablityTest" time="0.0">
    <skipped/>
  </testcase> <!-- LocationAvaliablityTest -->
  <testcase classname="com.ariacj.testcases.LocationAvailableTest" name="LocationAvaliablityTest" time="0.0">
    <skipped/>
  </testcase> <!-- LocationAvaliablityTest -->
  <testcase classname="com.ariacj.testcases.LocationAvailableTest" name="LocationAvaliablityTest" time="0.0">
    <skipped/>
  </testcase> <!-- LocationAvaliablityTest -->
</testsuite> <!-- Location Availability Test -->
