<!DOCTYPE html PUBLIC "-//W3C//DTD XHTML 1.1//EN" "https://www.w3.org/TR/xhtml11/DTD/xhtml11.dtd">
<html xmlns="https://www.w3.org/1999/xhtml">
<head>
<meta http-equiv="content-type" content="text/html; charset=UTF-8"/>
<title>TestNG Report</title>
<style type="text/css">table {margin-bottom:10px;border-collapse:collapse;empty-cells:show}th,td {border:1px solid #009;padding:.25em .5em}th {vertical-align:bottom}td {vertical-align:top}table a {font-weight:bold}.stripe td {background-color: #E6EBF9}.num {text-align:right}.passedodd td {background-color: #3F3}.passedeven td {background-color: #0A0}.skippedodd td {background-color: #DDD}.skippedeven td {background-color: #CCC}.failedodd td,.attn {background-color: #F33}.failedeven td,.stripe .attn {background-color: #D00}.stacktrace {white-space:pre;font-family:monospace}.totop {font-size:85%;text-align:center;border-bottom:2px solid #000}.invisible {display:none}</style>
</head>
<body>
<table>
<tr><th>Test</th><th># Passed</th><th># Skipped</th><th># Retried</th><th># Failed</th><th>Time (ms)</th><th>Included Groups</th><th>Excluded Groups</th></tr>
<tr><th colspan="8">AriaCJ Location Testing</th></tr>
<tr><td><a href="#t0">Location Availability Test</a></td><td class="num">0</td><td class="num attn">10</td><td class="num">0</td><td class="num">0</td><td class="num">711</td><td></td><td></td></tr>
</table>
<table id='summary'><thead><tr><th>Class</th><th>Method</th><th>Start</th><th>Time (ms)</th></tr></thead><tbody><tr><th colspan="4">AriaCJ Location Testing</th></tr></tbody><tbody id="t0"><tr><th colspan="4">Location Availability Test &#8212; failed (configuration methods)</th></tr><tr class="failedeven"><td rowspan="1">com.ariacj.testcases.LocationAvailableTest</td><td><a href="#m0">setUp</a></td><td rowspan="1">1616933458188</td><td rowspan="1">328</td></tr><tr><th colspan="4">Location Availability Test &#8212; skipped (configuration methods)</th></tr><tr class="skippedeven"><td rowspan="2">com.ariacj.testcases.LocationAvailableTest</td><td><a href="#m1">loginIn</a></td><td rowspan="1">1616933458530</td><td rowspan="1">-1616933458530</td></tr><tr class="skippedeven"><td><a href="#m2">tearDown</a></td><td rowspan="1">1616933459237</td><td rowspan="1">-1616933459237</td></tr><tr><th colspan="4">Location Availability Test &#8212; skipped</th></tr><tr class="skippedeven"><td rowspan="10">com.ariacj.testcases.LocationAvailableTest</td><td><a href="#m3">LocationAvaliablityTest</a></td><td rowspan="10">1616933459207</td><td rowspan="10">0</td></tr><tr class="skippedeven"><td><a href="#m4">LocationAvaliablityTest</a></td></tr><tr class="skippedeven"><td><a href="#m5">LocationAvaliablityTest</a></td></tr><tr class="skippedeven"><td><a href="#m6">LocationAvaliablityTest</a></td></tr><tr class="skippedeven"><td><a href="#m7">LocationAvaliablityTest</a></td></tr><tr class="skippedeven"><td><a href="#m8">LocationAvaliablityTest</a></td></tr><tr class="skippedeven"><td><a href="#m9">LocationAvaliablityTest</a></td></tr><tr class="skippedeven"><td><a href="#m10">LocationAvaliablityTest</a></td></tr><tr class="skippedeven"><td><a href="#m11">LocationAvaliablityTest</a></td></tr><tr class="skippedeven"><td><a href="#m12">LocationAvaliablityTest</a></td></tr></tbody>
</table>
<h2>Location Availability Test</h2><h3 id="m0">com.ariacj.testcases.LocationAvailableTest#setUp</h3><table class="result"><tr><th>Exception</th></tr><tr><td><div class="stacktrace">java.lang.NoClassDefFoundError: org/openqa/selenium/net/UrlChecker$TimeoutException
	at org.openqa.selenium.chrome.ChromeDriver.&lt;init&gt;(ChromeDriver.java:105)
	at com.ariacj.base.TestBase.setUp(TestBase.java:126)
Caused by: java.lang.ClassNotFoundException: org.openqa.selenium.net.UrlChecker$TimeoutException
	at java.base/jdk.internal.loader.BuiltinClassLoader.loadClass(BuiltinClassLoader.java:581)
	at java.base/jdk.internal.loader.ClassLoaders$AppClassLoader.loadClass(ClassLoaders.java:178)
	at java.base/java.lang.ClassLoader.loadClass(ClassLoader.java:521)
	... 21 more
... Removed 19 stack frames</div></td></tr></table><p class="totop"><a href="#summary">back to summary</a></p>
<h3 id="m1">com.ariacj.testcases.LocationAvailableTest#loginIn</h3><table class="result"><tr><th class="invisible"/></tr></table><p class="totop"><a href="#summary">back to summary</a></p>
<h3 id="m2">com.ariacj.testcases.LocationAvailableTest#tearDown</h3><table class="result"><tr><th class="invisible"/></tr></table><p class="totop"><a href="#summary">back to summary</a></p>
<h3 id="m3">com.ariacj.testcases.LocationAvailableTest#LocationAvaliablityTest</h3><table class="result"><tr class="param"><th>Parameter #1</th></tr><tr class="param stripe"><td>{Building data from excel=THE BOULEVARD OUTLET PARK}</td></tr><tr><th>Exception</th></tr><tr><td><div class="stacktrace">java.lang.NoClassDefFoundError: org/openqa/selenium/net/UrlChecker$TimeoutException
	at org.openqa.selenium.chrome.ChromeDriver.&lt;init&gt;(ChromeDriver.java:105)
	at com.ariacj.base.TestBase.setUp(TestBase.java:126)
Caused by: java.lang.ClassNotFoundException: org.openqa.selenium.net.UrlChecker$TimeoutException
	at java.base/jdk.internal.loader.BuiltinClassLoader.loadClass(BuiltinClassLoader.java:581)
	at java.base/jdk.internal.loader.ClassLoaders$AppClassLoader.loadClass(ClassLoaders.java:178)
	at java.base/java.lang.ClassLoader.loadClass(ClassLoader.java:521)
	... 21 more
... Removed 19 stack frames</div></td></tr></table><p class="totop"><a href="#summary">back to summary</a></p>
<h3 id="m4">com.ariacj.testcases.LocationAvailableTest#LocationAvaliablityTest</h3><table class="result"><tr class="param"><th>Parameter #1</th></tr><tr class="param stripe"><td>{Building data from excel=FREEPORT, UNIT 4,}</td></tr><tr><th>Exception</th></tr><tr><td><div class="stacktrace">java.lang.NoClassDefFoundError: org/openqa/selenium/net/UrlChecker$TimeoutException
	at org.openqa.selenium.chrome.ChromeDriver.&lt;init&gt;(ChromeDriver.java:105)
	at com.ariacj.base.TestBase.setUp(TestBase.java:126)
Caused by: java.lang.ClassNotFoundException: org.openqa.selenium.net.UrlChecker$TimeoutException
	at java.base/jdk.internal.loader.BuiltinClassLoader.loadClass(BuiltinClassLoader.java:581)
	at java.base/jdk.internal.loader.ClassLoaders$AppClassLoader.loadClass(ClassLoaders.java:178)
	at java.base/java.lang.ClassLoader.loadClass(ClassLoader.java:521)
	... 21 more
... Removed 19 stack frames</div></td></tr></table><p class="totop"><a href="#summary">back to summary</a></p>
<h3 id="m5">com.ariacj.testcases.LocationAvailableTest#LocationAvaliablityTest</h3><table class="result"><tr class="param"><th>Parameter #1</th></tr><tr class="param stripe"><td>{Building data from excel=5 LIVINGSTON}</td></tr><tr><th>Exception</th></tr><tr><td><div class="stacktrace">java.lang.NoClassDefFoundError: org/openqa/selenium/net/UrlChecker$TimeoutException
	at org.openqa.selenium.chrome.ChromeDriver.&lt;init&gt;(ChromeDriver.java:105)
	at com.ariacj.base.TestBase.setUp(TestBase.java:126)
Caused by: java.lang.ClassNotFoundException: org.openqa.selenium.net.UrlChecker$TimeoutException
	at java.base/jdk.internal.loader.BuiltinClassLoader.loadClass(BuiltinClassLoader.java:581)
	at java.base/jdk.internal.loader.ClassLoaders$AppClassLoader.loadClass(ClassLoaders.java:178)
	at java.base/java.lang.ClassLoader.loadClass(ClassLoader.java:521)
	... 21 more
... Removed 19 stack frames</div></td></tr></table><p class="totop"><a href="#summary">back to summary</a></p>
<h3 id="m6">com.ariacj.testcases.LocationAvailableTest#LocationAvaliablityTest</h3><table class="result"><tr class="param"><th>Parameter #1</th></tr><tr class="param stripe"><td>{Building data from excel=CHESHIRE OAKS OUTLET VILLAGE,}</td></tr><tr><th>Exception</th></tr><tr><td><div class="stacktrace">java.lang.NoClassDefFoundError: org/openqa/selenium/net/UrlChecker$TimeoutException
	at org.openqa.selenium.chrome.ChromeDriver.&lt;init&gt;(ChromeDriver.java:105)
	at com.ariacj.base.TestBase.setUp(TestBase.java:126)
Caused by: java.lang.ClassNotFoundException: org.openqa.selenium.net.UrlChecker$TimeoutException
	at java.base/jdk.internal.loader.BuiltinClassLoader.loadClass(BuiltinClassLoader.java:581)
	at java.base/jdk.internal.loader.ClassLoaders$AppClassLoader.loadClass(ClassLoaders.java:178)
	at java.base/java.lang.ClassLoader.loadClass(ClassLoader.java:521)
	... 21 more
... Removed 19 stack frames</div></td></tr></table><p class="totop"><a href="#summary">back to summary</a></p>
<h3 id="m7">com.ariacj.testcases.LocationAvailableTest#LocationAvaliablityTest</h3><table class="result"><tr class="param"><th>Parameter #1</th></tr><tr class="param stripe"><td>{Building data from excel=GOVERNMENT BUILDING}</td></tr><tr><th>Exception</th></tr><tr><td><div class="stacktrace">java.lang.NoClassDefFoundError: org/openqa/selenium/net/UrlChecker$TimeoutException
	at org.openqa.selenium.chrome.ChromeDriver.&lt;init&gt;(ChromeDriver.java:105)
	at com.ariacj.base.TestBase.setUp(TestBase.java:126)
Caused by: java.lang.ClassNotFoundException: org.openqa.selenium.net.UrlChecker$TimeoutException
	at java.base/jdk.internal.loader.BuiltinClassLoader.loadClass(BuiltinClassLoader.java:581)
	at java.base/jdk.internal.loader.ClassLoaders$AppClassLoader.loadClass(ClassLoaders.java:178)
	at java.base/java.lang.ClassLoader.loadClass(ClassLoader.java:521)
	... 21 more
... Removed 19 stack frames</div></td></tr></table><p class="totop"><a href="#summary">back to summary</a></p>
<h3 id="m8">com.ariacj.testcases.LocationAvailableTest#LocationAvaliablityTest</h3><table class="result"><tr class="param"><th>Parameter #1</th></tr><tr class="param stripe"><td>{Building data from excel=15 HANBURY STREET,}</td></tr><tr><th>Exception</th></tr><tr><td><div class="stacktrace">java.lang.NoClassDefFoundError: org/openqa/selenium/net/UrlChecker$TimeoutException
	at org.openqa.selenium.chrome.ChromeDriver.&lt;init&gt;(ChromeDriver.java:105)
	at com.ariacj.base.TestBase.setUp(TestBase.java:126)
Caused by: java.lang.ClassNotFoundException: org.openqa.selenium.net.UrlChecker$TimeoutException
	at java.base/jdk.internal.loader.BuiltinClassLoader.loadClass(BuiltinClassLoader.java:581)
	at java.base/jdk.internal.loader.ClassLoaders$AppClassLoader.loadClass(ClassLoaders.java:178)
	at java.base/java.lang.ClassLoader.loadClass(ClassLoader.java:521)
	... 21 more
... Removed 19 stack frames</div></td></tr></table><p class="totop"><a href="#summary">back to summary</a></p>
<h3 id="m9">com.ariacj.testcases.LocationAvailableTest#LocationAvaliablityTest</h3><table class="result"><tr class="param"><th>Parameter #1</th></tr><tr class="param stripe"><td>{Building data from excel=17-21 GRETNA GATEWAY OUTLET VILLAGE}</td></tr><tr><th>Exception</th></tr><tr><td><div class="stacktrace">java.lang.NoClassDefFoundError: org/openqa/selenium/net/UrlChecker$TimeoutException
	at org.openqa.selenium.chrome.ChromeDriver.&lt;init&gt;(ChromeDriver.java:105)
	at com.ariacj.base.TestBase.setUp(TestBase.java:126)
Caused by: java.lang.ClassNotFoundException: org.openqa.selenium.net.UrlChecker$TimeoutException
	at java.base/jdk.internal.loader.BuiltinClassLoader.loadClass(BuiltinClassLoader.java:581)
	at java.base/jdk.internal.loader.ClassLoaders$AppClassLoader.loadClass(ClassLoaders.java:178)
	at java.base/java.lang.ClassLoader.loadClass(ClassLoader.java:521)
	... 21 more
... Removed 19 stack frames</div></td></tr></table><p class="totop"><a href="#summary">back to summary</a></p>
<h3 id="m10">com.ariacj.testcases.LocationAvailableTest#LocationAvaliablityTest</h3><table class="result"><tr class="param"><th>Parameter #1</th></tr><tr class="param stripe"><td>{Building data from excel=UNIT 24-26 MCARTHUR GLEN DESIGNER OUTLET VILLAGE}</td></tr><tr><th>Exception</th></tr><tr><td><div class="stacktrace">java.lang.NoClassDefFoundError: org/openqa/selenium/net/UrlChecker$TimeoutException
	at org.openqa.selenium.chrome.ChromeDriver.&lt;init&gt;(ChromeDriver.java:105)
	at com.ariacj.base.TestBase.setUp(TestBase.java:126)
Caused by: java.lang.ClassNotFoundException: org.openqa.selenium.net.UrlChecker$TimeoutException
	at java.base/jdk.internal.loader.BuiltinClassLoader.loadClass(BuiltinClassLoader.java:581)
	at java.base/jdk.internal.loader.ClassLoaders$AppClassLoader.loadClass(ClassLoaders.java:178)
	at java.base/java.lang.ClassLoader.loadClass(ClassLoader.java:521)
	... 21 more
... Removed 19 stack frames</div></td></tr></table><p class="totop"><a href="#summary">back to summary</a></p>
<h3 id="m11">com.ariacj.testcases.LocationAvailableTest#LocationAvaliablityTest</h3><table class="result"><tr class="param"><th>Parameter #1</th></tr><tr class="param stripe"><td>{Building data from excel=UNIT 57-59 EAST MIDLANDS DESIGNER OUTLET}</td></tr><tr><th>Exception</th></tr><tr><td><div class="stacktrace">java.lang.NoClassDefFoundError: org/openqa/selenium/net/UrlChecker$TimeoutException
	at org.openqa.selenium.chrome.ChromeDriver.&lt;init&gt;(ChromeDriver.java:105)
	at com.ariacj.base.TestBase.setUp(TestBase.java:126)
Caused by: java.lang.ClassNotFoundException: org.openqa.selenium.net.UrlChecker$TimeoutException
	at java.base/jdk.internal.loader.BuiltinClassLoader.loadClass(BuiltinClassLoader.java:581)
	at java.base/jdk.internal.loader.ClassLoaders$AppClassLoader.loadClass(ClassLoaders.java:178)
	at java.base/java.lang.ClassLoader.loadClass(ClassLoader.java:521)
	... 21 more
... Removed 19 stack frames</div></td></tr></table><p class="totop"><a href="#summary">back to summary</a></p>
<h3 id="m12">com.ariacj.testcases.LocationAvailableTest#LocationAvaliablityTest</h3><table class="result"><tr class="param"><th>Parameter #1</th></tr><tr class="param stripe"><td>{Building data from excel=UNIT 48/49, MCARTHUR GLEN DESIGNER OUTLET,}</td></tr><tr><th>Exception</th></tr><tr><td><div class="stacktrace">java.lang.NoClassDefFoundError: org/openqa/selenium/net/UrlChecker$TimeoutException
	at org.openqa.selenium.chrome.ChromeDriver.&lt;init&gt;(ChromeDriver.java:105)
	at com.ariacj.base.TestBase.setUp(TestBase.java:126)
Caused by: java.lang.ClassNotFoundException: org.openqa.selenium.net.UrlChecker$TimeoutException
	at java.base/jdk.internal.loader.BuiltinClassLoader.loadClass(BuiltinClassLoader.java:581)
	at java.base/jdk.internal.loader.ClassLoaders$AppClassLoader.loadClass(ClassLoaders.java:178)
	at java.base/java.lang.ClassLoader.loadClass(ClassLoader.java:521)
	... 21 more
... Removed 19 stack frames</div></td></tr></table><p class="totop"><a href="#summary">back to summary</a></p>
</body>
</html>
