<!DOCTYPE html>

<html>
  <head>
  <meta charset='utf-8'>
  <title>TestNG reports</title>

    <link type="text/css" href="testng-reports1.css" rel="stylesheet" id="ultra" />
    <link type="text/css" href="testng-reports.css" rel="stylesheet" id="retro" disabled="false"/>
    <script type="text/javascript" src="jquery-3.4.1.min.js"></script>
    <script type="text/javascript" src="testng-reports.js"></script>
    <script type="text/javascript" src="https://www.google.com/jsapi"></script>
    <script type='text/javascript'>
      google.load('visualization', '1', {packages:['table']});
      google.setOnLoadCallback(drawTable);
      var suiteTableInitFunctions = new Array();
      var suiteTableData = new Array();
    </script>
    <!--
      <script type="text/javascript" src="jquery-ui/js/jquery-ui-1.8.16.custom.min.js"></script>
     -->
  </head>

  <body>
    <div class="top-banner-root">
      <span class="top-banner-title-font">Test results</span>
      <button id="button" class="button">Switch Retro Theme</button> <!-- button -->
      <br/>
      <span class="top-banner-font-1">1 suite</span>
    </div> <!-- top-banner-root -->
    <div class="navigator-root">
      <div class="navigator-suite-header">
        <span>All suites</span>
        <a href="#" title="Collapse/expand all the suites" class="collapse-all-link">
          <img src="collapseall.gif" class="collapse-all-icon">
          </img> <!-- collapse-all-icon -->
        </a> <!-- collapse-all-link -->
      </div> <!-- navigator-suite-header -->
      <div class="suite">
        <div class="rounded-window">
          <div class="suite-header light-rounded-window-top">
            <a href="#" panel-name="suite-AriaCJ_Location_Testing" class="navigator-link">
              <span class="suite-name border-skipped">AriaCJ Location Testing</span>
            </a> <!-- navigator-link -->
          </div> <!-- suite-header light-rounded-window-top -->
          <div class="navigator-suite-content">
            <div class="suite-section-title">
              <span>Info</span>
            </div> <!-- suite-section-title -->
            <div class="suite-section-content">
              <ul>
                <li>
                  <a href="#" panel-name="test-xml-AriaCJ_Location_Testing" class="navigator-link ">
                    <span>C:\Users\Apurva\eclipse\ariacj_1.0\src\test\resources\runner\testng.xml</span>
                  </a> <!-- navigator-link  -->
                </li>
                <li>
                  <a href="#" panel-name="testlist-AriaCJ_Location_Testing" class="navigator-link ">
                    <span class="test-stats">1 test</span>
                  </a> <!-- navigator-link  -->
                </li>
                <li>
                  <a href="#" panel-name="group-AriaCJ_Location_Testing" class="navigator-link ">
                    <span>0 groups</span>
                  </a> <!-- navigator-link  -->
                </li>
                <li>
                  <a href="#" panel-name="times-AriaCJ_Location_Testing" class="navigator-link ">
                    <span>Times</span>
                  </a> <!-- navigator-link  -->
                </li>
                <li>
                  <a href="#" panel-name="reporter-AriaCJ_Location_Testing" class="navigator-link ">
                    <span>Reporter output</span>
                  </a> <!-- navigator-link  -->
                </li>
                <li>
                  <a href="#" panel-name="ignored-methods-AriaCJ_Location_Testing" class="navigator-link ">
                    <span>Ignored methods</span>
                  </a> <!-- navigator-link  -->
                </li>
                <li>
                  <a href="#" panel-name="chronological-AriaCJ_Location_Testing" class="navigator-link ">
                    <span>Chronological view</span>
                  </a> <!-- navigator-link  -->
                </li>
              </ul>
            </div> <!-- suite-section-content -->
            <div class="result-section">
              <div class="suite-section-title">
                <span>Results</span>
              </div> <!-- suite-section-title -->
              <div class="suite-section-content">
                <ul>
                  <li>
                    <span class="method-stats">10 methods,  10 skipped,  </span>
                  </li>
                  <li>
                    <span class="method-list-title skipped">Skipped methods</span>
                    <span class="show-or-hide-methods skipped">
                      <a href="#" panel-name="suite-AriaCJ_Location_Testing" class="hide-methods skipped suite-AriaCJ_Location_Testing"> (hide)</a> <!-- hide-methods skipped suite-AriaCJ_Location_Testing -->
                      <a href="#" panel-name="suite-AriaCJ_Location_Testing" class="show-methods skipped suite-AriaCJ_Location_Testing"> (show)</a> <!-- show-methods skipped suite-AriaCJ_Location_Testing -->
                    </span>
                    <div class="method-list-content skipped suite-AriaCJ_Location_Testing">
                      <span>
                        <img src="skipped.png" width="3%"/>
                        <a href="#" panel-name="suite-AriaCJ_Location_Testing" title="com.ariacj.testcases.LocationAvailableTest" class="method navigator-link" hash-for-method="LocationAvaliablityTest({Building data from excel=THE BOULEVARD OUTLET PARK})">LocationAvaliablityTest({Building data from excel=THE BOULEVARD OUTLET PARK})</a> <!-- method navigator-link -->
                      </span>
                      <br/>
                      <span>
                        <img src="skipped.png" width="3%"/>
                        <a href="#" panel-name="suite-AriaCJ_Location_Testing" title="com.ariacj.testcases.LocationAvailableTest" class="method navigator-link" hash-for-method="LocationAvaliablityTest({Building data from excel=FREEPORT, UNIT 4,})">LocationAvaliablityTest({Building data from excel=FREEPORT, UNIT 4,})</a> <!-- method navigator-link -->
                      </span>
                      <br/>
                      <span>
                        <img src="skipped.png" width="3%"/>
                        <a href="#" panel-name="suite-AriaCJ_Location_Testing" title="com.ariacj.testcases.LocationAvailableTest" class="method navigator-link" hash-for-method="LocationAvaliablityTest({Building data from excel=5 LIVINGSTON})">LocationAvaliablityTest({Building data from excel=5 LIVINGSTON})</a> <!-- method navigator-link -->
                      </span>
                      <br/>
                      <span>
                        <img src="skipped.png" width="3%"/>
                        <a href="#" panel-name="suite-AriaCJ_Location_Testing" title="com.ariacj.testcases.LocationAvailableTest" class="method navigator-link" hash-for-method="LocationAvaliablityTest({Building data from excel=CHESHIRE OAKS OUTLET VILLAGE,})">LocationAvaliablityTest({Building data from excel=CHESHIRE OAKS OUTLET VILLAGE,})</a> <!-- method navigator-link -->
                      </span>
                      <br/>
                      <span>
                        <img src="skipped.png" width="3%"/>
                        <a href="#" panel-name="suite-AriaCJ_Location_Testing" title="com.ariacj.testcases.LocationAvailableTest" class="method navigator-link" hash-for-method="LocationAvaliablityTest({Building data from excel=GOVERNMENT BUILDING})">LocationAvaliablityTest({Building data from excel=GOVERNMENT BUILDING})</a> <!-- method navigator-link -->
                      </span>
                      <br/>
                      <span>
                        <img src="skipped.png" width="3%"/>
                        <a href="#" panel-name="suite-AriaCJ_Location_Testing" title="com.ariacj.testcases.LocationAvailableTest" class="method navigator-link" hash-for-method="LocationAvaliablityTest({Building data from excel=15 HANBURY STREET,})">LocationAvaliablityTest({Building data from excel=15 HANBURY STREET,})</a> <!-- method navigator-link -->
                      </span>
                      <br/>
                      <span>
                        <img src="skipped.png" width="3%"/>
                        <a href="#" panel-name="suite-AriaCJ_Location_Testing" title="com.ariacj.testcases.LocationAvailableTest" class="method navigator-link" hash-for-method="LocationAvaliablityTest({Building data from excel=17-21 GRETNA GATEWAY OUTLET VILLAGE})">LocationAvaliablityTest({Building data from excel=17-21 GRETNA GATEWAY OUTLET VILLAGE})</a> <!-- method navigator-link -->
                      </span>
                      <br/>
                      <span>
                        <img src="skipped.png" width="3%"/>
                        <a href="#" panel-name="suite-AriaCJ_Location_Testing" title="com.ariacj.testcases.LocationAvailableTest" class="method navigator-link" hash-for-method="LocationAvaliablityTest({Building data from excel=UNIT 24-26 MCARTHUR GLEN DESIGNER OUTLET VILLAGE})">LocationAvaliablityTest({Building data from excel=UNIT 24-26 MCARTHUR GLEN DESIGNER OUTLET VILLAGE})</a> <!-- method navigator-link -->
                      </span>
                      <br/>
                      <span>
                        <img src="skipped.png" width="3%"/>
                        <a href="#" panel-name="suite-AriaCJ_Location_Testing" title="com.ariacj.testcases.LocationAvailableTest" class="method navigator-link" hash-for-method="LocationAvaliablityTest({Building data from excel=UNIT 57-59 EAST MIDLANDS DESIGNER OUTLET})">LocationAvaliablityTest({Building data from excel=UNIT 57-59 EAST MIDLANDS DESIGNER OUTLET})</a> <!-- method navigator-link -->
                      </span>
                      <br/>
                      <span>
                        <img src="skipped.png" width="3%"/>
                        <a href="#" panel-name="suite-AriaCJ_Location_Testing" title="com.ariacj.testcases.LocationAvailableTest" class="method navigator-link" hash-for-method="LocationAvaliablityTest({Building data from excel=UNIT 48/49, MCARTHUR GLEN DESIGNER OUTLET,})">LocationAvaliablityTest({Building data from excel=UNIT 48/49, MCARTHUR GLEN DESIGNER OUTLET,})</a> <!-- method navigator-link -->
                      </span>
                      <br/>
                    </div> <!-- method-list-content skipped suite-AriaCJ_Location_Testing -->
                  </li>
                </ul>
              </div> <!-- suite-section-content -->
            </div> <!-- result-section -->
          </div> <!-- navigator-suite-content -->
        </div> <!-- rounded-window -->
      </div> <!-- suite -->
    </div> <!-- navigator-root -->
    <div class="wrapper">
      <div class="main-panel-root">
        <div panel-name="suite-AriaCJ_Location_Testing" class="panel AriaCJ_Location_Testing">
          <div class="suite-AriaCJ_Location_Testing-class-skipped">
            <div class="main-panel-header rounded-window-top">
              <img src="skipped.png"/>
              <span class="class-name">com.ariacj.testcases.LocationAvailableTest</span>
            </div> <!-- main-panel-header rounded-window-top -->
            <div class="main-panel-content rounded-window-bottom">
              <div class="method">
                <div class="method-content">
                  <a name="LocationAvaliablityTest({Building data from excel=THE BOULEVARD OUTLET PARK})">
                  </a> <!-- LocationAvaliablityTest({Building data from excel=THE BOULEVARD OUTLET PARK}) -->
                  <span class="method-name">LocationAvaliablityTest</span>
                  <span class="parameters">({Building data from excel=THE BOULEVARD OUTLET PARK})</span>
                  <div class="stack-trace">java.lang.NoClassDefFoundError: org/openqa/selenium/net/UrlChecker$TimeoutException
	at org.openqa.selenium.chrome.ChromeDriver.&lt;init&gt;(ChromeDriver.java:105)
	at com.ariacj.base.TestBase.setUp(TestBase.java:126)
Caused by: java.lang.ClassNotFoundException: org.openqa.selenium.net.UrlChecker$TimeoutException
	at java.base/jdk.internal.loader.BuiltinClassLoader.loadClass(BuiltinClassLoader.java:581)
	at java.base/jdk.internal.loader.ClassLoaders$AppClassLoader.loadClass(ClassLoaders.java:178)
	at java.base/java.lang.ClassLoader.loadClass(ClassLoader.java:521)
	... 21 more
... Removed 19 stack frames
</div> <!-- stack-trace -->
                </div> <!-- method-content -->
              </div> <!-- method -->
              <div class="method">
                <div class="method-content">
                  <a name="LocationAvaliablityTest({Building data from excel=FREEPORT, UNIT 4,})">
                  </a> <!-- LocationAvaliablityTest({Building data from excel=FREEPORT, UNIT 4,}) -->
                  <span class="method-name">LocationAvaliablityTest</span>
                  <span class="parameters">({Building data from excel=FREEPORT, UNIT 4,})</span>
                  <div class="stack-trace">java.lang.NoClassDefFoundError: org/openqa/selenium/net/UrlChecker$TimeoutException
	at org.openqa.selenium.chrome.ChromeDriver.&lt;init&gt;(ChromeDriver.java:105)
	at com.ariacj.base.TestBase.setUp(TestBase.java:126)
Caused by: java.lang.ClassNotFoundException: org.openqa.selenium.net.UrlChecker$TimeoutException
	at java.base/jdk.internal.loader.BuiltinClassLoader.loadClass(BuiltinClassLoader.java:581)
	at java.base/jdk.internal.loader.ClassLoaders$AppClassLoader.loadClass(ClassLoaders.java:178)
	at java.base/java.lang.ClassLoader.loadClass(ClassLoader.java:521)
	... 21 more
... Removed 19 stack frames
</div> <!-- stack-trace -->
                </div> <!-- method-content -->
              </div> <!-- method -->
              <div class="method">
                <div class="method-content">
                  <a name="LocationAvaliablityTest({Building data from excel=5 LIVINGSTON})">
                  </a> <!-- LocationAvaliablityTest({Building data from excel=5 LIVINGSTON}) -->
                  <span class="method-name">LocationAvaliablityTest</span>
                  <span class="parameters">({Building data from excel=5 LIVINGSTON})</span>
                  <div class="stack-trace">java.lang.NoClassDefFoundError: org/openqa/selenium/net/UrlChecker$TimeoutException
	at org.openqa.selenium.chrome.ChromeDriver.&lt;init&gt;(ChromeDriver.java:105)
	at com.ariacj.base.TestBase.setUp(TestBase.java:126)
Caused by: java.lang.ClassNotFoundException: org.openqa.selenium.net.UrlChecker$TimeoutException
	at java.base/jdk.internal.loader.BuiltinClassLoader.loadClass(BuiltinClassLoader.java:581)
	at java.base/jdk.internal.loader.ClassLoaders$AppClassLoader.loadClass(ClassLoaders.java:178)
	at java.base/java.lang.ClassLoader.loadClass(ClassLoader.java:521)
	... 21 more
... Removed 19 stack frames
</div> <!-- stack-trace -->
                </div> <!-- method-content -->
              </div> <!-- method -->
              <div class="method">
                <div class="method-content">
                  <a name="LocationAvaliablityTest({Building data from excel=CHESHIRE OAKS OUTLET VILLAGE,})">
                  </a> <!-- LocationAvaliablityTest({Building data from excel=CHESHIRE OAKS OUTLET VILLAGE,}) -->
                  <span class="method-name">LocationAvaliablityTest</span>
                  <span class="parameters">({Building data from excel=CHESHIRE OAKS OUTLET VILLAGE,})</span>
                  <div class="stack-trace">java.lang.NoClassDefFoundError: org/openqa/selenium/net/UrlChecker$TimeoutException
	at org.openqa.selenium.chrome.ChromeDriver.&lt;init&gt;(ChromeDriver.java:105)
	at com.ariacj.base.TestBase.setUp(TestBase.java:126)
Caused by: java.lang.ClassNotFoundException: org.openqa.selenium.net.UrlChecker$TimeoutException
	at java.base/jdk.internal.loader.BuiltinClassLoader.loadClass(BuiltinClassLoader.java:581)
	at java.base/jdk.internal.loader.ClassLoaders$AppClassLoader.loadClass(ClassLoaders.java:178)
	at java.base/java.lang.ClassLoader.loadClass(ClassLoader.java:521)
	... 21 more
... Removed 19 stack frames
</div> <!-- stack-trace -->
                </div> <!-- method-content -->
              </div> <!-- method -->
              <div class="method">
                <div class="method-content">
                  <a name="LocationAvaliablityTest({Building data from excel=GOVERNMENT BUILDING})">
                  </a> <!-- LocationAvaliablityTest({Building data from excel=GOVERNMENT BUILDING}) -->
                  <span class="method-name">LocationAvaliablityTest</span>
                  <span class="parameters">({Building data from excel=GOVERNMENT BUILDING})</span>
                  <div class="stack-trace">java.lang.NoClassDefFoundError: org/openqa/selenium/net/UrlChecker$TimeoutException
	at org.openqa.selenium.chrome.ChromeDriver.&lt;init&gt;(ChromeDriver.java:105)
	at com.ariacj.base.TestBase.setUp(TestBase.java:126)
Caused by: java.lang.ClassNotFoundException: org.openqa.selenium.net.UrlChecker$TimeoutException
	at java.base/jdk.internal.loader.BuiltinClassLoader.loadClass(BuiltinClassLoader.java:581)
	at java.base/jdk.internal.loader.ClassLoaders$AppClassLoader.loadClass(ClassLoaders.java:178)
	at java.base/java.lang.ClassLoader.loadClass(ClassLoader.java:521)
	... 21 more
... Removed 19 stack frames
</div> <!-- stack-trace -->
                </div> <!-- method-content -->
              </div> <!-- method -->
              <div class="method">
                <div class="method-content">
                  <a name="LocationAvaliablityTest({Building data from excel=15 HANBURY STREET,})">
                  </a> <!-- LocationAvaliablityTest({Building data from excel=15 HANBURY STREET,}) -->
                  <span class="method-name">LocationAvaliablityTest</span>
                  <span class="parameters">({Building data from excel=15 HANBURY STREET,})</span>
                  <div class="stack-trace">java.lang.NoClassDefFoundError: org/openqa/selenium/net/UrlChecker$TimeoutException
	at org.openqa.selenium.chrome.ChromeDriver.&lt;init&gt;(ChromeDriver.java:105)
	at com.ariacj.base.TestBase.setUp(TestBase.java:126)
Caused by: java.lang.ClassNotFoundException: org.openqa.selenium.net.UrlChecker$TimeoutException
	at java.base/jdk.internal.loader.BuiltinClassLoader.loadClass(BuiltinClassLoader.java:581)
	at java.base/jdk.internal.loader.ClassLoaders$AppClassLoader.loadClass(ClassLoaders.java:178)
	at java.base/java.lang.ClassLoader.loadClass(ClassLoader.java:521)
	... 21 more
... Removed 19 stack frames
</div> <!-- stack-trace -->
                </div> <!-- method-content -->
              </div> <!-- method -->
              <div class="method">
                <div class="method-content">
                  <a name="LocationAvaliablityTest({Building data from excel=17-21 GRETNA GATEWAY OUTLET VILLAGE})">
                  </a> <!-- LocationAvaliablityTest({Building data from excel=17-21 GRETNA GATEWAY OUTLET VILLAGE}) -->
                  <span class="method-name">LocationAvaliablityTest</span>
                  <span class="parameters">({Building data from excel=17-21 GRETNA GATEWAY OUTLET VILLAGE})</span>
                  <div class="stack-trace">java.lang.NoClassDefFoundError: org/openqa/selenium/net/UrlChecker$TimeoutException
	at org.openqa.selenium.chrome.ChromeDriver.&lt;init&gt;(ChromeDriver.java:105)
	at com.ariacj.base.TestBase.setUp(TestBase.java:126)
Caused by: java.lang.ClassNotFoundException: org.openqa.selenium.net.UrlChecker$TimeoutException
	at java.base/jdk.internal.loader.BuiltinClassLoader.loadClass(BuiltinClassLoader.java:581)
	at java.base/jdk.internal.loader.ClassLoaders$AppClassLoader.loadClass(ClassLoaders.java:178)
	at java.base/java.lang.ClassLoader.loadClass(ClassLoader.java:521)
	... 21 more
... Removed 19 stack frames
</div> <!-- stack-trace -->
                </div> <!-- method-content -->
              </div> <!-- method -->
              <div class="method">
                <div class="method-content">
                  <a name="LocationAvaliablityTest({Building data from excel=UNIT 24-26 MCARTHUR GLEN DESIGNER OUTLET VILLAGE})">
                  </a> <!-- LocationAvaliablityTest({Building data from excel=UNIT 24-26 MCARTHUR GLEN DESIGNER OUTLET VILLAGE}) -->
                  <span class="method-name">LocationAvaliablityTest</span>
                  <span class="parameters">({Building data from excel=UNIT 24-26 MCARTHUR GLEN DESIGNER OUTLET VILLAGE})</span>
                  <div class="stack-trace">java.lang.NoClassDefFoundError: org/openqa/selenium/net/UrlChecker$TimeoutException
	at org.openqa.selenium.chrome.ChromeDriver.&lt;init&gt;(ChromeDriver.java:105)
	at com.ariacj.base.TestBase.setUp(TestBase.java:126)
Caused by: java.lang.ClassNotFoundException: org.openqa.selenium.net.UrlChecker$TimeoutException
	at java.base/jdk.internal.loader.BuiltinClassLoader.loadClass(BuiltinClassLoader.java:581)
	at java.base/jdk.internal.loader.ClassLoaders$AppClassLoader.loadClass(ClassLoaders.java:178)
	at java.base/java.lang.ClassLoader.loadClass(ClassLoader.java:521)
	... 21 more
... Removed 19 stack frames
</div> <!-- stack-trace -->
                </div> <!-- method-content -->
              </div> <!-- method -->
              <div class="method">
                <div class="method-content">
                  <a name="LocationAvaliablityTest({Building data from excel=UNIT 57-59 EAST MIDLANDS DESIGNER OUTLET})">
                  </a> <!-- LocationAvaliablityTest({Building data from excel=UNIT 57-59 EAST MIDLANDS DESIGNER OUTLET}) -->
                  <span class="method-name">LocationAvaliablityTest</span>
                  <span class="parameters">({Building data from excel=UNIT 57-59 EAST MIDLANDS DESIGNER OUTLET})</span>
                  <div class="stack-trace">java.lang.NoClassDefFoundError: org/openqa/selenium/net/UrlChecker$TimeoutException
	at org.openqa.selenium.chrome.ChromeDriver.&lt;init&gt;(ChromeDriver.java:105)
	at com.ariacj.base.TestBase.setUp(TestBase.java:126)
Caused by: java.lang.ClassNotFoundException: org.openqa.selenium.net.UrlChecker$TimeoutException
	at java.base/jdk.internal.loader.BuiltinClassLoader.loadClass(BuiltinClassLoader.java:581)
	at java.base/jdk.internal.loader.ClassLoaders$AppClassLoader.loadClass(ClassLoaders.java:178)
	at java.base/java.lang.ClassLoader.loadClass(ClassLoader.java:521)
	... 21 more
... Removed 19 stack frames
</div> <!-- stack-trace -->
                </div> <!-- method-content -->
              </div> <!-- method -->
              <div class="method">
                <div class="method-content">
                  <a name="LocationAvaliablityTest({Building data from excel=UNIT 48/49, MCARTHUR GLEN DESIGNER OUTLET,})">
                  </a> <!-- LocationAvaliablityTest({Building data from excel=UNIT 48/49, MCARTHUR GLEN DESIGNER OUTLET,}) -->
                  <span class="method-name">LocationAvaliablityTest</span>
                  <span class="parameters">({Building data from excel=UNIT 48/49, MCARTHUR GLEN DESIGNER OUTLET,})</span>
                  <div class="stack-trace">java.lang.NoClassDefFoundError: org/openqa/selenium/net/UrlChecker$TimeoutException
	at org.openqa.selenium.chrome.ChromeDriver.&lt;init&gt;(ChromeDriver.java:105)
	at com.ariacj.base.TestBase.setUp(TestBase.java:126)
Caused by: java.lang.ClassNotFoundException: org.openqa.selenium.net.UrlChecker$TimeoutException
	at java.base/jdk.internal.loader.BuiltinClassLoader.loadClass(BuiltinClassLoader.java:581)
	at java.base/jdk.internal.loader.ClassLoaders$AppClassLoader.loadClass(ClassLoaders.java:178)
	at java.base/java.lang.ClassLoader.loadClass(ClassLoader.java:521)
	... 21 more
... Removed 19 stack frames
</div> <!-- stack-trace -->
                </div> <!-- method-content -->
              </div> <!-- method -->
            </div> <!-- main-panel-content rounded-window-bottom -->
          </div> <!-- suite-AriaCJ_Location_Testing-class-skipped -->
        </div> <!-- panel AriaCJ_Location_Testing -->
        <div panel-name="test-xml-AriaCJ_Location_Testing" class="panel">
          <div class="main-panel-header rounded-window-top">
            <span class="header-content">C:\Users\Apurva\eclipse\ariacj_1.0\src\test\resources\runner\testng.xml</span>
          </div> <!-- main-panel-header rounded-window-top -->
          <div class="main-panel-content rounded-window-bottom">
            <pre>
&lt;?xml version=&quot;1.0&quot; encoding=&quot;UTF-8&quot;?&gt;
&lt;!DOCTYPE suite SYSTEM &quot;https://testng.org/testng-1.0.dtd&quot;&gt;
&lt;suite name=&quot;AriaCJ Location Testing&quot; guice-stage=&quot;DEVELOPMENT&quot;&gt;
  &lt;test thread-count=&quot;5&quot; name=&quot;Location Availability Test&quot;&gt;
    &lt;classes&gt;
      &lt;class name=&quot;com.ariacj.testcases.LocationAvailableTest&quot;/&gt;
    &lt;/classes&gt;
  &lt;/test&gt; &lt;!-- Location Availability Test --&gt;
&lt;/suite&gt; &lt;!-- AriaCJ Location Testing --&gt;
            </pre>
          </div> <!-- main-panel-content rounded-window-bottom -->
        </div> <!-- panel -->
        <div panel-name="testlist-AriaCJ_Location_Testing" class="panel">
          <div class="main-panel-header rounded-window-top">
            <span class="header-content">Tests for AriaCJ Location Testing</span>
          </div> <!-- main-panel-header rounded-window-top -->
          <div class="main-panel-content rounded-window-bottom">
            <ul>
              <li>
                <span class="test-name">Location Availability Test (1 class)</span>
              </li>
            </ul>
          </div> <!-- main-panel-content rounded-window-bottom -->
        </div> <!-- panel -->
        <div panel-name="group-AriaCJ_Location_Testing" class="panel">
          <div class="main-panel-header rounded-window-top">
            <span class="header-content">Groups for AriaCJ Location Testing</span>
          </div> <!-- main-panel-header rounded-window-top -->
          <div class="main-panel-content rounded-window-bottom">
          </div> <!-- main-panel-content rounded-window-bottom -->
        </div> <!-- panel -->
        <div panel-name="times-AriaCJ_Location_Testing" class="panel">
          <div class="main-panel-header rounded-window-top">
            <span class="header-content">Times for AriaCJ Location Testing</span>
          </div> <!-- main-panel-header rounded-window-top -->
          <div class="main-panel-content rounded-window-bottom">
            <div class="times-div">
              <script type="text/javascript">
suiteTableInitFunctions.push('tableData_AriaCJ_Location_Testing');
function tableData_AriaCJ_Location_Testing() {
var data = new google.visualization.DataTable();
data.addColumn('number', 'Number');
data.addColumn('string', 'Method');
data.addColumn('string', 'Class');
data.addColumn('number', 'Time (ms)');
data.addRows(10);
data.setCell(0, 0, 0)
data.setCell(0, 1, 'LocationAvaliablityTest')
data.setCell(0, 2, 'com.ariacj.testcases.LocationAvailableTest')
data.setCell(0, 3, 0);
data.setCell(1, 0, 1)
data.setCell(1, 1, 'LocationAvaliablityTest')
data.setCell(1, 2, 'com.ariacj.testcases.LocationAvailableTest')
data.setCell(1, 3, 0);
data.setCell(2, 0, 2)
data.setCell(2, 1, 'LocationAvaliablityTest')
data.setCell(2, 2, 'com.ariacj.testcases.LocationAvailableTest')
data.setCell(2, 3, 0);
data.setCell(3, 0, 3)
data.setCell(3, 1, 'LocationAvaliablityTest')
data.setCell(3, 2, 'com.ariacj.testcases.LocationAvailableTest')
data.setCell(3, 3, 0);
data.setCell(4, 0, 4)
data.setCell(4, 1, 'LocationAvaliablityTest')
data.setCell(4, 2, 'com.ariacj.testcases.LocationAvailableTest')
data.setCell(4, 3, 0);
data.setCell(5, 0, 5)
data.setCell(5, 1, 'LocationAvaliablityTest')
data.setCell(5, 2, 'com.ariacj.testcases.LocationAvailableTest')
data.setCell(5, 3, 0);
data.setCell(6, 0, 6)
data.setCell(6, 1, 'LocationAvaliablityTest')
data.setCell(6, 2, 'com.ariacj.testcases.LocationAvailableTest')
data.setCell(6, 3, 0);
data.setCell(7, 0, 7)
data.setCell(7, 1, 'LocationAvaliablityTest')
data.setCell(7, 2, 'com.ariacj.testcases.LocationAvailableTest')
data.setCell(7, 3, 0);
data.setCell(8, 0, 8)
data.setCell(8, 1, 'LocationAvaliablityTest')
data.setCell(8, 2, 'com.ariacj.testcases.LocationAvailableTest')
data.setCell(8, 3, 0);
data.setCell(9, 0, 9)
data.setCell(9, 1, 'LocationAvaliablityTest')
data.setCell(9, 2, 'com.ariacj.testcases.LocationAvailableTest')
data.setCell(9, 3, 0);
window.suiteTableData['AriaCJ_Location_Testing']= { tableData: data, tableDiv: 'times-div-AriaCJ_Location_Testing'}
return data;
}
              </script>
              <span class="suite-total-time">Total running time: 0 ms</span>
              <div id="times-div-AriaCJ_Location_Testing">
              </div> <!-- times-div-AriaCJ_Location_Testing -->
            </div> <!-- times-div -->
          </div> <!-- main-panel-content rounded-window-bottom -->
        </div> <!-- panel -->
        <div panel-name="reporter-AriaCJ_Location_Testing" class="panel">
          <div class="main-panel-header rounded-window-top">
            <span class="header-content">Reporter output for AriaCJ Location Testing</span>
          </div> <!-- main-panel-header rounded-window-top -->
          <div class="main-panel-content rounded-window-bottom">
          </div> <!-- main-panel-content rounded-window-bottom -->
        </div> <!-- panel -->
        <div panel-name="ignored-methods-AriaCJ_Location_Testing" class="panel">
          <div class="main-panel-header rounded-window-top">
            <span class="header-content">0 ignored methods</span>
          </div> <!-- main-panel-header rounded-window-top -->
          <div class="main-panel-content rounded-window-bottom">
          </div> <!-- main-panel-content rounded-window-bottom -->
        </div> <!-- panel -->
        <div panel-name="chronological-AriaCJ_Location_Testing" class="panel">
          <div class="main-panel-header rounded-window-top">
            <span class="header-content">Methods in chronological order</span>
          </div> <!-- main-panel-header rounded-window-top -->
          <div class="main-panel-content rounded-window-bottom">
            <div class="chronological-class">
              <div class="chronological-class-name">com.ariacj.testcases.LocationAvailableTest</div> <!-- chronological-class-name -->
              <div class="configuration-suite before">
                <img src="failed.png">
                </img>
                <span class="method-name">setUp</span>
                <span class="method-start">0 ms</span>
              </div> <!-- configuration-suite before -->
              <div class="configuration-test before">
                <span class="method-name">loginIn</span>
                <span class="method-start">342 ms</span>
              </div> <!-- configuration-test before -->
              <div class="test-method">
                <span class="method-name">LocationAvaliablityTest({Building data from excel=THE BOULEVARD OUTLET PARK})</span>
                <span class="method-start">1019 ms</span>
              </div> <!-- test-method -->
              <div class="test-method">
                <span class="method-name">LocationAvaliablityTest({Building data from excel=UNIT 24-26 MCARTHUR GLEN DESIGNER OUTLET VILLAGE})</span>
                <span class="method-start">1024 ms</span>
              </div> <!-- test-method -->
              <div class="test-method">
                <span class="method-name">LocationAvaliablityTest({Building data from excel=CHESHIRE OAKS OUTLET VILLAGE,})</span>
                <span class="method-start">1027 ms</span>
              </div> <!-- test-method -->
              <div class="test-method">
                <span class="method-name">LocationAvaliablityTest({Building data from excel=FREEPORT, UNIT 4,})</span>
                <span class="method-start">1030 ms</span>
              </div> <!-- test-method -->
              <div class="test-method">
                <span class="method-name">LocationAvaliablityTest({Building data from excel=UNIT 57-59 EAST MIDLANDS DESIGNER OUTLET})</span>
                <span class="method-start">1033 ms</span>
              </div> <!-- test-method -->
              <div class="test-method">
                <span class="method-name">LocationAvaliablityTest({Building data from excel=17-21 GRETNA GATEWAY OUTLET VILLAGE})</span>
                <span class="method-start">1035 ms</span>
              </div> <!-- test-method -->
              <div class="test-method">
                <span class="method-name">LocationAvaliablityTest({Building data from excel=15 HANBURY STREET,})</span>
                <span class="method-start">1037 ms</span>
              </div> <!-- test-method -->
              <div class="test-method">
                <span class="method-name">LocationAvaliablityTest({Building data from excel=GOVERNMENT BUILDING})</span>
                <span class="method-start">1039 ms</span>
              </div> <!-- test-method -->
              <div class="test-method">
                <span class="method-name">LocationAvaliablityTest({Building data from excel=5 LIVINGSTON})</span>
                <span class="method-start">1041 ms</span>
              </div> <!-- test-method -->
              <div class="test-method">
                <span class="method-name">LocationAvaliablityTest({Building data from excel=UNIT 48/49, MCARTHUR GLEN DESIGNER OUTLET,})</span>
                <span class="method-start">1044 ms</span>
              </div> <!-- test-method -->
              <div class="configuration-test after">
                <span class="method-name">tearDown</span>
                <span class="method-start">1049 ms</span>
              </div> <!-- configuration-test after -->
          </div> <!-- main-panel-content rounded-window-bottom -->
        </div> <!-- panel -->
      </div> <!-- main-panel-root -->
    </div> <!-- wrapper -->
  </body>
<script type="text/javascript" src="testng-reports2.js"></script>
</html>
