<?xml version="1.0" encoding="UTF-8"?>
<!-- Generated by org.testng.reporters.JUnitReportReporter -->
<testsuite hostname="DESKTOP-TGUL2N6" failures="0" tests="11" name="com.ariacj.testcases.LocationAvailableTest" time="0.328" errors="1" timestamp="2021-03-28T12:10:59 UTC" skipped="10">
  <testcase classname="com.ariacj.testcases.LocationAvailableTest" name="LocationAvaliablityTest" time="0.000">
    <skipped/>
  </testcase> <!-- LocationAvaliablityTest -->
  <system-out/>
  <testcase classname="com.ariacj.testcases.LocationAvailableTest" name="LocationAvaliablityTest" time="0.000">
    <skipped/>
  </testcase> <!-- LocationAvaliablityTest -->
  <system-out/>
  <testcase classname="com.ariacj.testcases.LocationAvailableTest" name="LocationAvaliablityTest" time="0.000">
    <skipped/>
  </testcase> <!-- LocationAvaliablityTest -->
  <system-out/>
  <testcase classname="com.ariacj.testcases.LocationAvailableTest" name="LocationAvaliablityTest" time="0.000">
    <skipped/>
  </testcase> <!-- LocationAvaliablityTest -->
  <system-out/>
  <testcase classname="com.ariacj.testcases.LocationAvailableTest" name="LocationAvaliablityTest" time="0.000">
    <skipped/>
  </testcase> <!-- LocationAvaliablityTest -->
  <system-out/>
  <testcase classname="com.ariacj.testcases.LocationAvailableTest" name="LocationAvaliablityTest" time="0.000">
    <skipped/>
  </testcase> <!-- LocationAvaliablityTest -->
  <system-out/>
  <testcase classname="com.ariacj.testcases.LocationAvailableTest" name="LocationAvaliablityTest" time="0.000">
    <skipped/>
  </testcase> <!-- LocationAvaliablityTest -->
  <system-out/>
  <testcase classname="com.ariacj.testcases.LocationAvailableTest" name="LocationAvaliablityTest" time="0.000">
    <skipped/>
  </testcase> <!-- LocationAvaliablityTest -->
  <system-out/>
  <testcase classname="com.ariacj.testcases.LocationAvailableTest" name="LocationAvaliablityTest" time="0.000">
    <skipped/>
  </testcase> <!-- LocationAvaliablityTest -->
  <system-out/>
  <testcase classname="com.ariacj.testcases.LocationAvailableTest" name="LocationAvaliablityTest" time="0.000">
    <skipped/>
  </testcase> <!-- LocationAvaliablityTest -->
  <system-out/>
  <testcase classname="com.ariacj.testcases.LocationAvailableTest" name="setUp" time="0.328">
    <error message="org/openqa/selenium/net/UrlChecker$TimeoutException" type="java.lang.NoClassDefFoundError">
      <![CDATA[java.lang.NoClassDefFoundError: org/openqa/selenium/net/UrlChecker$TimeoutException
at org.openqa.selenium.chrome.ChromeDriver.<init>(ChromeDriver.java:105)
at com.ariacj.base.TestBase.setUp(TestBase.java:126)
at java.base/jdk.internal.reflect.NativeMethodAccessorImpl.invoke0(Native Method)
at java.base/jdk.internal.reflect.NativeMethodAccessorImpl.invoke(NativeMethodAccessorImpl.java:62)
at java.base/jdk.internal.reflect.DelegatingMethodAccessorImpl.invoke(DelegatingMethodAccessorImpl.java:43)
at java.base/java.lang.reflect.Method.invoke(Method.java:566)
at org.testng.internal.MethodInvocationHelper.invokeMethod(MethodInvocationHelper.java:132)
at org.testng.internal.MethodInvocationHelper.invokeMethodConsideringTimeout(MethodInvocationHelper.java:61)
at org.testng.internal.ConfigInvoker.invokeConfigurationMethod(ConfigInvoker.java:366)
at org.testng.internal.ConfigInvoker.invokeConfigurations(ConfigInvoker.java:320)
at org.testng.SuiteRunner.privateRun(SuiteRunner.java:327)
at org.testng.SuiteRunner.run(SuiteRunner.java:286)
at org.testng.SuiteRunnerWorker.runSuite(SuiteRunnerWorker.java:53)
at org.testng.SuiteRunnerWorker.run(SuiteRunnerWorker.java:96)
at org.testng.TestNG.runSuitesSequentially(TestNG.java:1218)
at org.testng.TestNG.runSuitesLocally(TestNG.java:1140)
at org.testng.TestNG.runSuites(TestNG.java:1069)
at org.testng.TestNG.run(TestNG.java:1037)
at org.testng.remote.AbstractRemoteTestNG.run(AbstractRemoteTestNG.java:115)
at org.testng.remote.RemoteTestNG.initAndRun(RemoteTestNG.java:251)
at org.testng.remote.RemoteTestNG.main(RemoteTestNG.java:77)
Caused by: java.lang.ClassNotFoundException: org.openqa.selenium.net.UrlChecker$TimeoutException
at java.base/jdk.internal.loader.BuiltinClassLoader.loadClass(BuiltinClassLoader.java:581)
at java.base/jdk.internal.loader.ClassLoaders$AppClassLoader.loadClass(ClassLoaders.java:178)
at java.base/java.lang.ClassLoader.loadClass(ClassLoader.java:521)
... 21 more
]]>
    </error>
  </testcase> <!-- setUp -->
  <system-out/>
</testsuite> <!-- com.ariacj.testcases.LocationAvailableTest -->
