<?xml version="1.0" encoding="UTF-8"?>
<!-- Generated by org.testng.reporters.JUnitReportReporter -->
<testsuite hostname="DESKTOP-TGUL2N6" failures="1" tests="10" name="com.ariacj.testcases.LocationAvailableTest" time="148.910" errors="0" timestamp="2021-03-28T17:53:25 UTC" skipped="0">
  <testcase classname="com.ariacj.testcases.LocationAvailableTest" name="LocationAvaliablityTest" time="11.023"/>
  <system-out/>
  <testcase classname="com.ariacj.testcases.LocationAvailableTest" name="LocationAvaliablityTest" time="14.660"/>
  <system-out/>
  <testcase classname="com.ariacj.testcases.LocationAvailableTest" name="LocationAvaliablityTest" time="9.901"/>
  <system-out/>
  <testcase classname="com.ariacj.testcases.LocationAvailableTest" name="LocationAvaliablityTest" time="34.215"/>
  <system-out/>
  <testcase classname="com.ariacj.testcases.LocationAvailableTest" name="LocationAvaliablityTest" time="10.448"/>
  <system-out/>
  <testcase classname="com.ariacj.testcases.LocationAvailableTest" name="LocationAvaliablityTest" time="9.526"/>
  <system-out/>
  <testcase classname="com.ariacj.testcases.LocationAvailableTest" name="LocationAvaliablityTest" time="12.291">
    <failure message="No building available with name  : FREEPORT, UNIT 4," type="java.lang.AssertionError">
      <![CDATA[java.lang.AssertionError: No building available with name  : FREEPORT, UNIT 4,
at org.testng.Assert.fail(Assert.java:99)
at com.ariacj.testcases.LocationAvailableTest.LocationAvaliablityTest(LocationAvailableTest.java:136)
at java.base/jdk.internal.reflect.NativeMethodAccessorImpl.invoke0(Native Method)
at java.base/jdk.internal.reflect.NativeMethodAccessorImpl.invoke(NativeMethodAccessorImpl.java:62)
at java.base/jdk.internal.reflect.DelegatingMethodAccessorImpl.invoke(DelegatingMethodAccessorImpl.java:43)
at java.base/java.lang.reflect.Method.invoke(Method.java:566)
at org.testng.internal.MethodInvocationHelper.invokeMethod(MethodInvocationHelper.java:132)
at org.testng.internal.TestInvoker.invokeMethod(TestInvoker.java:599)
at org.testng.internal.TestInvoker.invokeTestMethod(TestInvoker.java:174)
at org.testng.internal.MethodRunner.runInSequence(MethodRunner.java:46)
at org.testng.internal.TestInvoker$MethodInvocationAgent.invoke(TestInvoker.java:822)
at org.testng.internal.TestInvoker.invokeTestMethods(TestInvoker.java:147)
at org.testng.internal.TestMethodWorker.invokeTestMethods(TestMethodWorker.java:146)
at org.testng.internal.TestMethodWorker.run(TestMethodWorker.java:128)
at java.base/java.util.ArrayList.forEach(ArrayList.java:1541)
at org.testng.TestRunner.privateRun(TestRunner.java:764)
at org.testng.TestRunner.run(TestRunner.java:585)
at org.testng.SuiteRunner.runTest(SuiteRunner.java:384)
at org.testng.SuiteRunner.runSequentially(SuiteRunner.java:378)
at org.testng.SuiteRunner.privateRun(SuiteRunner.java:337)
at org.testng.SuiteRunner.run(SuiteRunner.java:286)
at org.testng.SuiteRunnerWorker.runSuite(SuiteRunnerWorker.java:53)
at org.testng.SuiteRunnerWorker.run(SuiteRunnerWorker.java:96)
at org.testng.TestNG.runSuitesSequentially(TestNG.java:1218)
at org.testng.TestNG.runSuitesLocally(TestNG.java:1140)
at org.testng.TestNG.runSuites(TestNG.java:1069)
at org.testng.TestNG.run(TestNG.java:1037)
at org.apache.maven.surefire.testng.TestNGExecutor.run(TestNGExecutor.java:281)
at org.apache.maven.surefire.testng.TestNGXmlTestSuite.execute(TestNGXmlTestSuite.java:75)
at org.apache.maven.surefire.testng.TestNGProvider.invoke(TestNGProvider.java:121)
at org.apache.maven.surefire.booter.ForkedBooter.invokeProviderInSameClassLoader(ForkedBooter.java:290)
at org.apache.maven.surefire.booter.ForkedBooter.runSuitesInProcess(ForkedBooter.java:242)
at org.apache.maven.surefire.booter.ForkedBooter.main(ForkedBooter.java:121)
]]>
    </failure>
  </testcase> <!-- LocationAvaliablityTest -->
  <system-out>
Click to see Screenshot <a target="_blank" href=Sun_Mar_28_17_52_18_UTC_2021.png>Screenshot</a> <br> <br> <a target="_blank" href=Sun_Mar_28_17_52_18_UTC_2021.png><img src=Sun_Mar_28_17_52_18_UTC_2021.png height=200 width=200></img></a>  </system-out>
  <testcase classname="com.ariacj.testcases.LocationAvailableTest" name="LocationAvaliablityTest" time="9.540"/>
  <system-out/>
  <testcase classname="com.ariacj.testcases.LocationAvailableTest" name="LocationAvaliablityTest" time="25.203"/>
  <system-out/>
  <testcase classname="com.ariacj.testcases.LocationAvailableTest" name="LocationAvaliablityTest" time="12.103"/>
  <system-out/>
</testsuite> <!-- com.ariacj.testcases.LocationAvailableTest -->
